<?xml version="1.0" encoding="UTF-8"?>
<!-- Generated by org.testng.reporters.JUnitReportReporter -->
<testsuite hostname="L-156090359" failures="0" tests="5" name="testClass.LoginToPracticePage" time="107.936" errors="0" timestamp="07 Mar 2020 05:40:07 GMT" skipped="0">
  <testcase classname="testClass.LoginToPracticePage" name="validatedLoginIsSuccessful" time="24.786"/>
  <testcase classname="testClass.LoginToPracticePage" name="searchWithKeyword" time="19.721"/>
  <testcase classname="testClass.LoginToPracticePage" name="validatedLoginIsSuccessful" time="25.811"/>
  <testcase classname="testClass.LoginToPracticePage" name="searchWithoutAnyKeyword" time="17.751"/>
  <testcase classname="testClass.LoginToPracticePage" name="validatedLoginIsSuccessful" time="19.867"/>
</testsuite> <!-- testClass.LoginToPracticePage -->
