<?xml version="1.0" encoding="UTF-8"?>
<!-- Generated by org.testng.reporters.JUnitReportReporter -->
<testsuite hostname="L-156090359" failures="0" tests="1" name="testClass.SearchPagePostLogin" time="20.731" errors="0" timestamp="26 Feb 2020 06:00:53 GMT" skipped="0">
  <testcase classname="testClass.SearchPagePostLogin" name="shoppingCart" time="20.731"/>
</testsuite> <!-- testClass.SearchPagePostLogin -->
