<?xml version="1.0" encoding="UTF-8"?>
<!-- Generated by org.testng.reporters.JUnitReportReporter -->
<testsuite hostname="L-156090359" failures="0" tests="2" name="testClass.MyAccountAndAddress" time="56.755" errors="0" timestamp="07 Mar 2020 05:40:07 GMT" skipped="0">
  <testcase classname="testClass.MyAccountAndAddress" name="deleteAddressesFromThePage" time="29.599"/>
  <testcase classname="testClass.MyAccountAndAddress" name="verifyNewAddressIsSaved" time="27.156"/>
</testsuite> <!-- testClass.MyAccountAndAddress -->
