<?xml version="1.0" encoding="UTF-8"?>
<!-- Generated by org.testng.reporters.JUnitReportReporter -->
<testsuite hostname="L-156090359" failures="0" tests="1" name="testClass.ShoppingCart" time="48.008" errors="0" timestamp="01 Mar 2020 06:53:55 GMT" skipped="0">
  <testcase classname="testClass.ShoppingCart" name="purchaseAProduct" time="48.008"/>
</testsuite> <!-- testClass.ShoppingCart -->
